Base path: C:/Johan/Unity/Editor/Data
Pipe name: \\.\pipe\UnityShaderCompiler-64bit-1-4776
Cmd: getPlatforms
Cmd: preprocess
  insize=1376 outsize=650 ok=1
Cmd: preprocess
  insize=1498 outsize=784 ok=1
Cmd: compileSnippet
  api=1 type=0 insize=1013 outsize=169 kw= pd= ok=1
Cmd: compileSnippet
  api=1 type=1 insize=1013 outsize=159 kw= pd= ok=1
Cmd: preprocess
  insize=708 outsize=708 ok=1
Cmd: preprocess
  insize=1921 outsize=1416 ok=1
Cmd: compileSnippet
  error: 2 plat 1 at (42): 'c': local variables cannot have semantics\nCompiling Vertex program with DIRECTIONAL LIGHTMAP_OFF DIRLIGHTMAP_OFF DYNAMICLIGHTMAP_OFF
  api=1 type=0 insize=8060 outsize=0 kw=DIRECTIONAL LIGHTMAP_OFF DIRLIGHTMAP_OFF DYNAMICLIGHTMAP_OFF pd= ok=0
Cmd: preprocess
  insize=2243 outsize=1350 ok=1
Cmd: preprocess
  insize=883 outsize=883 ok=1
Cmd: preprocess
  insize=2788 outsize=914 ok=1
Cmd: preprocess
  insize=1939 outsize=1031 ok=1
Cmd: preprocess
  insize=2519 outsize=885 ok=1
Cmd: preprocess
  insize=792 outsize=792 ok=1
Cmd: preprocess
  insize=1569 outsize=649 ok=1
Cmd: preprocess
  insize=976 outsize=973 ok=1
Cmd: preprocess
  insize=507 outsize=507 ok=1
Cmd: preprocess
  insize=865 outsize=862 ok=1
Cmd: preprocess
  insize=1414 outsize=1411 ok=1
Cmd: preprocess
  insize=316 outsize=316 ok=1
Cmd: preprocess
  insize=1233 outsize=1230 ok=1
